[NX v20.8.1 Daemon Server] - 2025-04-25T12:11:33.306Z - Started listening on: /tmp/56f30af02afe403e24da/d.sock
[NX v20.8.1 Daemon Server] - 2025-04-25T12:11:33.307Z - [WATCHER]: Subscribed to changes within: /home/marco/src/schummar-job (native)
[NX v20.8.1 Daemon Server] - 2025-04-25T12:11:33.311Z - Established a connection. Number of open connections: 1
[NX v20.8.1 Daemon Server] - 2025-04-25T12:11:33.313Z - Closed a connection. Number of open connections: 0
[NX v20.8.1 Daemon Server] - 2025-04-25T12:11:33.329Z - Established a connection. Number of open connections: 1
[NX v20.8.1 Daemon Server] - 2025-04-25T12:11:33.329Z - Established a connection. Number of open connections: 2
[NX v20.8.1 Daemon Server] - 2025-04-25T12:11:33.330Z - Closed a connection. Number of open connections: 1
[NX v20.8.1 Daemon Server] - 2025-04-25T12:11:33.331Z - [REQUEST]: Client Request for Project Graph Received
[NX v20.8.1 Daemon Server] - 2025-04-25T12:11:33.340Z - Time taken for 'loadSpecifiedNxPlugins' 0.981929000000008ms
[NX v20.8.1 Daemon Server] - 2025-04-25T12:11:33.477Z - Time taken for 'Load Nx Plugin: /home/marco/src/schummar-job/node_modules/.pnpm/nx@20.8.1/node_modules/nx/src/plugins/package-json' 145.259969ms
[NX v20.8.1 Daemon Server] - 2025-04-25T12:11:33.480Z - Time taken for 'Load Nx Plugin: /home/marco/src/schummar-job/node_modules/.pnpm/nx@20.8.1/node_modules/nx/src/plugins/project-json/build-nodes/project-json' 147.758206ms
[NX v20.8.1 Daemon Server] - 2025-04-25T12:11:33.485Z - [REQUEST]: Updated workspace context based on watched changes, recomputing project graph...
[NX v20.8.1 Daemon Server] - 2025-04-25T12:11:33.485Z - [REQUEST]: 
[NX v20.8.1 Daemon Server] - 2025-04-25T12:11:33.486Z - [REQUEST]: 
[NX v20.8.1 Daemon Server] - 2025-04-25T12:11:33.494Z - Time taken for 'loadDefaultNxPlugins' 153.80619ms
[NX v20.8.1 Daemon Server] - 2025-04-25T12:11:33.565Z - Time taken for 'build-project-configs' 60.400518000000034ms
[NX v20.8.1 Daemon Server] - 2025-04-25T12:11:33.582Z - [SYNC]: collect registered sync generators
[NX v20.8.1 Daemon Server] - 2025-04-25T12:11:33.583Z - [REQUEST]: Responding to the client. project-graph
[NX v20.8.1 Daemon Server] - 2025-04-25T12:11:33.583Z - Done responding to the client project-graph
[NX v20.8.1 Daemon Server] - 2025-04-25T12:11:33.583Z - Handled REQUEST_PROJECT_GRAPH. Handling time: 253. Response time: 0.
[NX v20.8.1 Daemon Server] - 2025-04-25T12:11:33.583Z - Time taken for 'total for creating and serializing project graph' 251.967212ms
[NX v20.8.1 Daemon Server] - 2025-04-25T12:11:33.586Z - [REQUEST]: Responding to the client. handleContextFileData
[NX v20.8.1 Daemon Server] - 2025-04-25T12:11:33.587Z - Done responding to the client handleContextFileData
[NX v20.8.1 Daemon Server] - 2025-04-25T12:11:33.587Z - Handled GET_CONTEXT_FILE_DATA. Handling time: 0. Response time: 1.
[NX v20.8.1 Daemon Server] - 2025-04-25T12:11:33.588Z - Closed a connection. Number of open connections: 0
[NX v20.8.1 Daemon Server] - 2025-04-25T12:11:33.607Z - Established a connection. Number of open connections: 1
[NX v20.8.1 Daemon Server] - 2025-04-25T12:11:33.608Z - Established a connection. Number of open connections: 2
[NX v20.8.1 Daemon Server] - 2025-04-25T12:11:33.608Z - Closed a connection. Number of open connections: 1
[NX v20.8.1 Daemon Server] - 2025-04-25T12:11:33.608Z - [REQUEST]: Client Request for Project Graph Received
[NX v20.8.1 Daemon Server] - 2025-04-25T12:11:33.609Z - [REQUEST]: Responding to the client. project-graph
[NX v20.8.1 Daemon Server] - 2025-04-25T12:11:33.609Z - Done responding to the client project-graph
[NX v20.8.1 Daemon Server] - 2025-04-25T12:11:33.609Z - Handled REQUEST_PROJECT_GRAPH. Handling time: 1. Response time: 0.
[NX v20.8.1 Daemon Server] - 2025-04-25T12:11:33.609Z - Time taken for 'total for creating and serializing project graph' 0.2444269999999733ms
[NX v20.8.1 Daemon Server] - 2025-04-25T12:11:33.611Z - [REQUEST]: Client Request for Project Graph Received
[NX v20.8.1 Daemon Server] - 2025-04-25T12:11:33.612Z - [REQUEST]: Responding to the client. project-graph
[NX v20.8.1 Daemon Server] - 2025-04-25T12:11:33.612Z - Done responding to the client project-graph
[NX v20.8.1 Daemon Server] - 2025-04-25T12:11:33.612Z - Handled REQUEST_PROJECT_GRAPH. Handling time: 1. Response time: 0.
[NX v20.8.1 Daemon Server] - 2025-04-25T12:11:33.612Z - Time taken for 'total for creating and serializing project graph' 0.24503699999996797ms
[NX v20.8.1 Daemon Server] - 2025-04-25T12:11:33.614Z - Established a connection. Number of open connections: 2
[NX v20.8.1 Daemon Server] - 2025-04-25T12:11:33.642Z - Established a connection. Number of open connections: 3
[NX v20.8.1 Daemon Server] - 2025-04-25T12:11:33.643Z - [REQUEST]: Client Request for Project Graph Received
[NX v20.8.1 Daemon Server] - 2025-04-25T12:11:33.643Z - [REQUEST]: Responding to the client. project-graph
[NX v20.8.1 Daemon Server] - 2025-04-25T12:11:33.643Z - Done responding to the client project-graph
[NX v20.8.1 Daemon Server] - 2025-04-25T12:11:33.643Z - Handled REQUEST_PROJECT_GRAPH. Handling time: 0. Response time: 0.
[NX v20.8.1 Daemon Server] - 2025-04-25T12:11:33.644Z - Time taken for 'total for creating and serializing project graph' 0.20971600000001445ms
[NX v20.8.1 Daemon Server] - 2025-04-25T12:11:33.644Z - Closed a connection. Number of open connections: 2
[NX v20.8.1 Daemon Server] - 2025-04-25T12:11:33.645Z - [REQUEST]: Responding to the client. handleContextFileData
[NX v20.8.1 Daemon Server] - 2025-04-25T12:11:33.645Z - Done responding to the client handleContextFileData
[NX v20.8.1 Daemon Server] - 2025-04-25T12:11:33.645Z - Handled GET_CONTEXT_FILE_DATA. Handling time: 0. Response time: 0.
[NX v20.8.1 Daemon Server] - 2025-04-25T12:11:33.646Z - Closed a connection. Number of open connections: 1
[NX v20.8.1 Daemon Server] - 2025-04-25T12:11:33.653Z - Closed a connection. Number of open connections: 0
[NX v20.8.1 Daemon Server] - 2025-04-25T12:11:33.655Z - Established a connection. Number of open connections: 1
[NX v20.8.1 Daemon Server] - 2025-04-25T12:11:33.655Z - Established a connection. Number of open connections: 2
[NX v20.8.1 Daemon Server] - 2025-04-25T12:11:33.656Z - Closed a connection. Number of open connections: 1
[NX v20.8.1 Daemon Server] - 2025-04-25T12:11:33.656Z - [REQUEST]: Client Request for Project Graph Received
[NX v20.8.1 Daemon Server] - 2025-04-25T12:11:33.656Z - [REQUEST]: Responding to the client. project-graph
[NX v20.8.1 Daemon Server] - 2025-04-25T12:11:33.657Z - Done responding to the client project-graph
[NX v20.8.1 Daemon Server] - 2025-04-25T12:11:33.657Z - Handled REQUEST_PROJECT_GRAPH. Handling time: 0. Response time: 1.
[NX v20.8.1 Daemon Server] - 2025-04-25T12:11:33.657Z - Time taken for 'total for creating and serializing project graph' 0.21991599999995515ms
[NX v20.8.1 Daemon Server] - 2025-04-25T12:11:33.658Z - [REQUEST]: Client Request for Project Graph Received
[NX v20.8.1 Daemon Server] - 2025-04-25T12:11:33.659Z - [REQUEST]: Responding to the client. project-graph
[NX v20.8.1 Daemon Server] - 2025-04-25T12:11:33.659Z - Done responding to the client project-graph
[NX v20.8.1 Daemon Server] - 2025-04-25T12:11:33.659Z - Handled REQUEST_PROJECT_GRAPH. Handling time: 1. Response time: 0.
[NX v20.8.1 Daemon Server] - 2025-04-25T12:11:33.659Z - Time taken for 'total for creating and serializing project graph' 0.2580470000000332ms
[NX v20.8.1 Daemon Server] - 2025-04-25T12:11:33.661Z - Established a connection. Number of open connections: 2
[NX v20.8.1 Daemon Server] - 2025-04-25T12:11:35.671Z - Established a connection. Number of open connections: 3
[NX v20.8.1 Daemon Server] - 2025-04-25T12:11:35.671Z - [REQUEST]: Client Request for Project Graph Received
[NX v20.8.1 Daemon Server] - 2025-04-25T12:11:35.672Z - [REQUEST]: Responding to the client. project-graph
[NX v20.8.1 Daemon Server] - 2025-04-25T12:11:35.672Z - Done responding to the client project-graph
[NX v20.8.1 Daemon Server] - 2025-04-25T12:11:35.672Z - Handled REQUEST_PROJECT_GRAPH. Handling time: 1. Response time: 0.
[NX v20.8.1 Daemon Server] - 2025-04-25T12:11:35.673Z - Time taken for 'total for creating and serializing project graph' 0.231836999999814ms
[NX v20.8.1 Daemon Server] - 2025-04-25T12:11:35.673Z - Closed a connection. Number of open connections: 2
[NX v20.8.1 Daemon Server] - 2025-04-25T12:11:35.674Z - [REQUEST]: Responding to the client. handleContextFileData
[NX v20.8.1 Daemon Server] - 2025-04-25T12:11:35.675Z - Done responding to the client handleContextFileData
[NX v20.8.1 Daemon Server] - 2025-04-25T12:11:35.675Z - Handled GET_CONTEXT_FILE_DATA. Handling time: 0. Response time: 1.
[NX v20.8.1 Daemon Server] - 2025-04-25T12:11:35.675Z - Closed a connection. Number of open connections: 1
[NX v20.8.1 Daemon Server] - 2025-04-25T12:11:35.683Z - Closed a connection. Number of open connections: 0
[NX v20.8.1 Daemon Server] - 2025-04-25T12:11:35.685Z - Established a connection. Number of open connections: 1
[NX v20.8.1 Daemon Server] - 2025-04-25T12:11:35.685Z - Established a connection. Number of open connections: 2
[NX v20.8.1 Daemon Server] - 2025-04-25T12:11:35.685Z - Closed a connection. Number of open connections: 1
[NX v20.8.1 Daemon Server] - 2025-04-25T12:11:35.686Z - [REQUEST]: Client Request for Project Graph Received
[NX v20.8.1 Daemon Server] - 2025-04-25T12:11:35.686Z - [REQUEST]: Responding to the client. project-graph
[NX v20.8.1 Daemon Server] - 2025-04-25T12:11:35.686Z - Done responding to the client project-graph
[NX v20.8.1 Daemon Server] - 2025-04-25T12:11:35.686Z - Handled REQUEST_PROJECT_GRAPH. Handling time: 0. Response time: 0.
[NX v20.8.1 Daemon Server] - 2025-04-25T12:11:35.687Z - Time taken for 'total for creating and serializing project graph' 0.22104699999999866ms
[NX v20.8.1 Daemon Server] - 2025-04-25T12:11:35.689Z - [REQUEST]: Client Request for Project Graph Received
[NX v20.8.1 Daemon Server] - 2025-04-25T12:11:35.689Z - [REQUEST]: Responding to the client. project-graph
[NX v20.8.1 Daemon Server] - 2025-04-25T12:11:35.689Z - Done responding to the client project-graph
[NX v20.8.1 Daemon Server] - 2025-04-25T12:11:35.689Z - Handled REQUEST_PROJECT_GRAPH. Handling time: 0. Response time: 0.
[NX v20.8.1 Daemon Server] - 2025-04-25T12:11:35.690Z - Time taken for 'total for creating and serializing project graph' 0.303939000000355ms
[NX v20.8.1 Daemon Server] - 2025-04-25T12:11:35.692Z - Established a connection. Number of open connections: 2
